<?xml version="1.0" encoding="UTF-8"?>
<testng-results ignored="0" total="1" passed="1" failed="0" skipped="0">
  <reporter-output>
  </reporter-output>
  <suite started-at="2025-09-02T22:21:33 IST" name="Surefire suite" finished-at="2025-09-02T22:21:36 IST" duration-ms="3124">
    <groups>
    </groups>
    <test started-at="2025-09-02T22:21:33 IST" name="Surefire test" finished-at="2025-09-02T22:21:36 IST" duration-ms="3124">
      <class name="jenkins.DemoTest">
        <test-method signature="test()[pri:0, instance:jenkins.DemoTest@1b955cac]" started-at="2025-09-02T22:21:33 IST" name="test" finished-at="2025-09-02T22:21:36 IST" duration-ms="3083" status="PASS">
          <reporter-output>
          </reporter-output>
        </test-method> <!-- test -->
      </class> <!-- jenkins.DemoTest -->
    </test> <!-- Surefire test -->
  </suite> <!-- Surefire suite -->
</testng-results>
